01:01:02 [main] INFO  com.ebanking.testCases.TC_LoginPage_001 - URL is opened
01:01:05 [main] INFO  com.ebanking.testCases.TC_LoginPage_001 - Test Case Passed
01:01:05 [main] ERROR com.ebanking.testCases.TC_LoginPage_001 - Test Case Failed
01:11:38 [main] INFO  ebanking - URL is opened
01:11:40 [main] INFO  ebanking - Test Case Passed
01:11:40 [mamain] INFO  ebanking - URL is opened
01:18:49 [main] INFO  ebanking - Test Case Passed
01:18:49 [main] ERROR ebanking - Test Case Failed
02:16:43 [main] INFO  ebanking - URL is opened
02:16:47 [main] INFO  ebanking - Test Case Passedin] ERROR ebanking - Test Case Failed
01:18:46 [
02:16:47 [main] ERROR ebanking - Test Case Failed
02:17:33 [main] INFO  ebanking - URL is opened
02:17:36 [main] INFO  ebanking - Test Case Passed
02:17:36 [main] ERROR ebanking - Test Case Failed
02:18:55 [main] INFO  ebanking - URL is opened
02:18:58 [main] INFO  ebanking - Test Case Passed
02:18:58 [main] ERROR ebanking - Test Case Failed
02:20:42 [main] INFO  ebanking - URL is opened
02:20:45 [main] INFO  ebanking - Test Case Passed
02:20:45 [main] ERROR ebanking - Test Case Failed
02:22:05 [main] INFO  ebanking - URL is opened
02:23:36 [main] INFO  ebanking - URL is opened
11:37:48 [main] INFO  ebanking - URL is opened
11:38:08 [main] INFO  ebanking - URL is opened
11:41:06 [main] INFO  ebanking - URL is opened
11:41:08 [main] INFO  ebanking - Screenshot captured....!
12:07:14 [main] INFO  ebanking - URL is opened
12:09:22 [main] INFO  ebanking - URL is opened
12:27:25 [main] INFO  ebanking - URL is opened
12:28:55 [main] INFO  ebanking - URL is opened
12:30:42 [main] INFO  ebanking - URL is opened
12:34:43 [main] INFO  ebanking - URL is opened
12:39:59 [main] INFO  ebanking - URL is opened
12:56:50 [main] INFO  ebanking - URL is opened
12:58:53 [main] INFO  ebanking - URL is opened
13:00:53 [main] INFO  ebanking - URL is opened
13:00:57 [main] INFO  ebanking - Screenshot captured....!
13:01:54 [main] INFO  ebanking - URL is opened
13:01:58 [main] INFO  ebanking - Screenshot captured....!
00:04:55 [main] INFO  ebanking - URL is opened
00:06:46 [main] INFO  ebanking - URL is opened
00:08:19 [main] INFO  ebanking - URL is opened
00:11:11 [main] INFO  ebanking - URL is opened
00:12:40 [main] INFO  ebanking - URL is opened
00:13:10 [main] INFO  ebanking - Customer registered Successfully
00:15:44 [main] INFO  ebanking - URL is opened
00:15:48 [main] INFO  ebanking - Screenshot captured....!
00:16:02 [main] INFO  ebanking - URL is opened
00:16:37 [main] INFO  ebanking - URL is opened
00:17:08 [main] INFO  ebanking - Customer registered Successfully
02:18:49 [main] INFO  ebanking - URL is opened
02:18:52 [main] INFO  ebanking - Screenshot captured....!
02:19:01 [main] INFO  ebanking - URL is opened
02:27:27 [main] INFO  ebanking - URL is opened
02:27:31 [main] INFO  ebanking - Screenshot captured....!
02:27:39 [main] INFO  ebanking - URL is opened
03:30:20 [main] INFO  ebanking - URL is opened
03:30:24 [main] INFO  ebanking - Screenshot captured....!
03:30:31 [main] INFO  ebanking - URL is opened
01:01:12 [main] INFO  ebanking - URL is opened
01:01:15 [main] INFO  ebanking - Test Case Passed
01:01:15 [main] ERROR ebanking - Test Case Failed
01:01:26 [main] INFO  ebanking - URL is opened
01:01:58 [main] INFO  ebanking - Customer registered Successfully
11:01:59 [main] INFO  ebanking - URL is opened
11:02:02 [main] INFO  ebanking - Test Case Passed
11:02:02 [main] ERROR ebanking - Test Case Failed
11:02:11 [main] INFO  ebanking - URL is opened
11:02:40 [main] INFO  ebanking - Customer registered Successfully
11:06:20 [main] INFO  ebanking - URL is opened
11:06:23 [main] INFO  ebanking - Test Case Passed
11:06:23 [main] ERROR ebanking - Test Case Failed
11:06:33 [main] INFO  ebanking - URL is opened
